2025-04-07 22:12:07 [ElectroLease] ERROR: [GET] /api/admin Ruxsat yo'q - Error: Ruxsat yo'q
    at ApiError.forbidden (/home/abdunazar/FullStack/ImtihonUchinchiOy/electroLease/helpers/api.error.js:16:12)
    at /home/abdunazar/FullStack/ImtihonUchinchiOy/electroLease/middleware/guards/role.guard.js:7:30
    at Layer.handle [as handle_request] (/home/abdunazar/FullStack/ImtihonUchinchiOy/electroLease/node_modules/express/lib/router/layer.js:95:5)
    at next (/home/abdunazar/FullStack/ImtihonUchinchiOy/electroLease/node_modules/express/lib/router/route.js:149:13)
    at module.exports (/home/abdunazar/FullStack/ImtihonUchinchiOy/electroLease/middleware/guards/auth.guard.js:21:5)
    at Layer.handle [as handle_request] (/home/abdunazar/FullStack/ImtihonUchinchiOy/electroLease/node_modules/express/lib/router/layer.js:95:5)
    at next (/home/abdunazar/FullStack/ImtihonUchinchiOy/electroLease/node_modules/express/lib/router/route.js:149:13)
    at Route.dispatch (/home/abdunazar/FullStack/ImtihonUchinchiOy/electroLease/node_modules/express/lib/router/route.js:119:3)
    at Layer.handle [as handle_request] (/home/abdunazar/FullStack/ImtihonUchinchiOy/electroLease/node_modules/express/lib/router/layer.js:95:5)
    at /home/abdunazar/FullStack/ImtihonUchinchiOy/electroLease/node_modules/express/lib/router/index.js:284:15
2025-04-07 23:20:14 [ElectroLease] ERROR: refreshOwnerToken is not defined
2025-04-07 23:22:19 [ElectroLease] ERROR: Invalid value [AsyncFunction: refreshTokenOwner]
2025-04-07 23:25:24 [ElectroLease] ERROR: Invalid value [AsyncFunction: refreshTokenOwner]
2025-04-07 23:35:04 [ElectroLease] ERROR: Invalid access token
2025-04-07 23:35:34 [ElectroLease] ERROR: Invalid access token
2025-04-08 00:23:23 [ElectroLease] ERROR: Invalid access token
2025-04-08 00:24:28 [ElectroLease] ERROR: Invalid access token
2025-04-08 00:46:32 [ElectroLease] ERROR: invalid signature
2025-04-08 00:59:44 [ElectroLease] ERROR: Validation error
2025-04-08 01:01:10 [ElectroLease] ERROR: Validation error
2025-04-08 01:01:51 [ElectroLease] ERROR: Validation error
2025-04-08 01:02:46 [ElectroLease] ERROR: Validation error
2025-04-08 01:27:08 [ElectroLease] ERROR: Validation error
2025-04-08 01:28:21 [ElectroLease] ERROR: Validation error
2025-04-08 10:23:27 [ElectroLease] ERROR: Server start error: cannot drop column product_id of table products because other objects depend on it
2025-04-08 10:24:01 [ElectroLease] ERROR: Server start error: cannot drop column product_id of table products because other objects depend on it
2025-04-08 10:24:12 [ElectroLease] ERROR: Server start error: cannot drop column product_id of table products because other objects depend on it
2025-04-08 11:06:43 [ElectroLease] ERROR: Server start error: column "created_at" of relation "clients" contains null values
2025-04-08 11:08:57 [ElectroLease] ERROR: Server start error: relation "contracts" does not exist
2025-04-08 11:10:08 [ElectroLease] ERROR: Server start error: relation "contracts" does not exist
