2025-04-10 11:37:53 [ElectroLease] ERROR: uncaughtException: app.use() requires a middleware function
TypeError: app.use() requires a middleware function
    at Function.use (/home/abdunazar/FullStack/ImtihonUchinchiOy/electroLease/node_modules/express/lib/application.js:217:11)
    at Object.<anonymous> (/home/abdunazar/FullStack/ImtihonUchinchiOy/electroLease/app.js:15:5)
    at Module._compile (node:internal/modules/cjs/loader:1469:14)
    at Module._extensions..js (node:internal/modules/cjs/loader:1548:10)
    at Module.load (node:internal/modules/cjs/loader:1288:32)
    at Module._load (node:internal/modules/cjs/loader:1104:12)
    at Function.executeUserEntryPoint [as runMain] (node:internal/modules/run_main:173:12)
    at node:internal/main/run_main_module:28:49
2025-04-10 11:37:57 [ElectroLease] ERROR: uncaughtException: Cannot find module './services/'
Require stack:
- /home/abdunazar/FullStack/ImtihonUchinchiOy/electroLease/app.js
Error: Cannot find module './services/'
Require stack:
- /home/abdunazar/FullStack/ImtihonUchinchiOy/electroLease/app.js
    at Module._resolveFilename (node:internal/modules/cjs/loader:1225:15)
    at Module._load (node:internal/modules/cjs/loader:1051:27)
    at Module.require (node:internal/modules/cjs/loader:1311:19)
    at require (node:internal/modules/helpers:179:18)
    at Object.<anonymous> (/home/abdunazar/FullStack/ImtihonUchinchiOy/electroLease/app.js:7:26)
    at Module._compile (node:internal/modules/cjs/loader:1469:14)
    at Module._extensions..js (node:internal/modules/cjs/loader:1548:10)
    at Module.load (node:internal/modules/cjs/loader:1288:32)
    at Module._load (node:internal/modules/cjs/loader:1104:12)
    at Function.executeUserEntryPoint [as runMain] (node:internal/modules/run_main:173:12)
2025-04-10 11:38:00 [ElectroLease] ERROR: uncaughtException: app.use() requires a middleware function
TypeError: app.use() requires a middleware function
    at Function.use (/home/abdunazar/FullStack/ImtihonUchinchiOy/electroLease/node_modules/express/lib/application.js:217:11)
    at Object.<anonymous> (/home/abdunazar/FullStack/ImtihonUchinchiOy/electroLease/app.js:15:5)
    at Module._compile (node:internal/modules/cjs/loader:1469:14)
    at Module._extensions..js (node:internal/modules/cjs/loader:1548:10)
    at Module.load (node:internal/modules/cjs/loader:1288:32)
    at Module._load (node:internal/modules/cjs/loader:1104:12)
    at Function.executeUserEntryPoint [as runMain] (node:internal/modules/run_main:173:12)
    at node:internal/main/run_main_module:28:49
2025-04-10 11:41:18 [ElectroLease] ERROR: uncaughtException: app.use() requires a middleware function
TypeError: app.use() requires a middleware function
    at Function.use (/home/abdunazar/FullStack/ImtihonUchinchiOy/electroLease/node_modules/express/lib/application.js:217:11)
    at Object.<anonymous> (/home/abdunazar/FullStack/ImtihonUchinchiOy/electroLease/app.js:15:5)
    at Module._compile (node:internal/modules/cjs/loader:1469:14)
    at Module._extensions..js (node:internal/modules/cjs/loader:1548:10)
    at Module.load (node:internal/modules/cjs/loader:1288:32)
    at Module._load (node:internal/modules/cjs/loader:1104:12)
    at Function.executeUserEntryPoint [as runMain] (node:internal/modules/run_main:173:12)
    at node:internal/main/run_main_module:28:49
2025-04-10 11:43:22 [ElectroLease] ERROR: uncaughtException: Cannot find module './middleware/error/loggerMiddlewa'
Require stack:
- /home/abdunazar/FullStack/ImtihonUchinchiOy/electroLease/app.js
Error: Cannot find module './middleware/error/loggerMiddlewa'
Require stack:
- /home/abdunazar/FullStack/ImtihonUchinchiOy/electroLease/app.js
    at Module._resolveFilename (node:internal/modules/cjs/loader:1225:15)
    at Module._load (node:internal/modules/cjs/loader:1051:27)
    at Module.require (node:internal/modules/cjs/loader:1311:19)
    at require (node:internal/modules/helpers:179:18)
    at Object.<anonymous> (/home/abdunazar/FullStack/ImtihonUchinchiOy/electroLease/app.js:7:26)
    at Module._compile (node:internal/modules/cjs/loader:1469:14)
    at Module._extensions..js (node:internal/modules/cjs/loader:1548:10)
    at Module.load (node:internal/modules/cjs/loader:1288:32)
    at Module._load (node:internal/modules/cjs/loader:1104:12)
    at Function.executeUserEntryPoint [as runMain] (node:internal/modules/run_main:173:12)
2025-04-10 11:53:01 [ElectroLease] ERROR: uncaughtException: Cannot find module './middleware/error/error.middleware'
Require stack:
- /home/abdunazar/FullStack/ImtihonUchinchiOy/electroLease/app.js
Error: Cannot find module './middleware/error/error.middleware'
Require stack:
- /home/abdunazar/FullStack/ImtihonUchinchiOy/electroLease/app.js
    at Module._resolveFilename (node:internal/modules/cjs/loader:1225:15)
    at Module._load (node:internal/modules/cjs/loader:1051:27)
    at Module.require (node:internal/modules/cjs/loader:1311:19)
    at require (node:internal/modules/helpers:179:18)
    at Object.<anonymous> (/home/abdunazar/FullStack/ImtihonUchinchiOy/electroLease/app.js:8:22)
    at Module._compile (node:internal/modules/cjs/loader:1469:14)
    at Module._extensions..js (node:internal/modules/cjs/loader:1548:10)
    at Module.load (node:internal/modules/cjs/loader:1288:32)
    at Module._load (node:internal/modules/cjs/loader:1104:12)
    at Function.executeUserEntryPoint [as runMain] (node:internal/modules/run_main:173:12)
2025-04-10 11:53:17 [ElectroLease] ERROR: uncaughtException: Cannot find module './middleware/error/error.middleware'
Require stack:
- /home/abdunazar/FullStack/ImtihonUchinchiOy/electroLease/app.js
Error: Cannot find module './middleware/error/error.middleware'
Require stack:
- /home/abdunazar/FullStack/ImtihonUchinchiOy/electroLease/app.js
    at Module._resolveFilename (node:internal/modules/cjs/loader:1225:15)
    at Module._load (node:internal/modules/cjs/loader:1051:27)
    at Module.require (node:internal/modules/cjs/loader:1311:19)
    at require (node:internal/modules/helpers:179:18)
    at Object.<anonymous> (/home/abdunazar/FullStack/ImtihonUchinchiOy/electroLease/app.js:8:22)
    at Module._compile (node:internal/modules/cjs/loader:1469:14)
    at Module._extensions..js (node:internal/modules/cjs/loader:1548:10)
    at Module.load (node:internal/modules/cjs/loader:1288:32)
    at Module._load (node:internal/modules/cjs/loader:1104:12)
    at Function.executeUserEntryPoint [as runMain] (node:internal/modules/run_main:173:12)
2025-04-10 11:53:21 [ElectroLease] ERROR: uncaughtException: Cannot find module './middleware/error/error.middleware'
Require stack:
- /home/abdunazar/FullStack/ImtihonUchinchiOy/electroLease/app.js
Error: Cannot find module './middleware/error/error.middleware'
Require stack:
- /home/abdunazar/FullStack/ImtihonUchinchiOy/electroLease/app.js
    at Module._resolveFilename (node:internal/modules/cjs/loader:1225:15)
    at Module._load (node:internal/modules/cjs/loader:1051:27)
    at Module.require (node:internal/modules/cjs/loader:1311:19)
    at require (node:internal/modules/helpers:179:18)
    at Object.<anonymous> (/home/abdunazar/FullStack/ImtihonUchinchiOy/electroLease/app.js:8:22)
    at Module._compile (node:internal/modules/cjs/loader:1469:14)
    at Module._extensions..js (node:internal/modules/cjs/loader:1548:10)
    at Module.load (node:internal/modules/cjs/loader:1288:32)
    at Module._load (node:internal/modules/cjs/loader:1104:12)
    at Function.executeUserEntryPoint [as runMain] (node:internal/modules/run_main:173:12)
2025-04-10 11:53:31 [ElectroLease] ERROR: uncaughtException: Cannot find module './middleware/error/error.middleware'
Require stack:
- /home/abdunazar/FullStack/ImtihonUchinchiOy/electroLease/app.js
Error: Cannot find module './middleware/error/error.middleware'
Require stack:
- /home/abdunazar/FullStack/ImtihonUchinchiOy/electroLease/app.js
    at Module._resolveFilename (node:internal/modules/cjs/loader:1225:15)
    at Module._load (node:internal/modules/cjs/loader:1051:27)
    at Module.require (node:internal/modules/cjs/loader:1311:19)
    at require (node:internal/modules/helpers:179:18)
    at Object.<anonymous> (/home/abdunazar/FullStack/ImtihonUchinchiOy/electroLease/app.js:8:22)
    at Module._compile (node:internal/modules/cjs/loader:1469:14)
    at Module._extensions..js (node:internal/modules/cjs/loader:1548:10)
    at Module.load (node:internal/modules/cjs/loader:1288:32)
    at Module._load (node:internal/modules/cjs/loader:1104:12)
    at Function.executeUserEntryPoint [as runMain] (node:internal/modules/run_main:173:12)
2025-04-10 11:53:36 [ElectroLease] ERROR: uncaughtException: Cannot find module './middleware/error/error.middleware'
Require stack:
- /home/abdunazar/FullStack/ImtihonUchinchiOy/electroLease/app.js
Error: Cannot find module './middleware/error/error.middleware'
Require stack:
- /home/abdunazar/FullStack/ImtihonUchinchiOy/electroLease/app.js
    at Module._resolveFilename (node:internal/modules/cjs/loader:1225:15)
    at Module._load (node:internal/modules/cjs/loader:1051:27)
    at Module.require (node:internal/modules/cjs/loader:1311:19)
    at require (node:internal/modules/helpers:179:18)
    at Object.<anonymous> (/home/abdunazar/FullStack/ImtihonUchinchiOy/electroLease/app.js:8:22)
    at Module._compile (node:internal/modules/cjs/loader:1469:14)
    at Module._extensions..js (node:internal/modules/cjs/loader:1548:10)
    at Module.load (node:internal/modules/cjs/loader:1288:32)
    at Module._load (node:internal/modules/cjs/loader:1104:12)
    at Function.executeUserEntryPoint [as runMain] (node:internal/modules/run_main:173:12)
2025-04-10 11:55:29 [ElectroLease] ERROR: uncaughtException: Cannot find module './middleware/error/error.middleware'
Require stack:
- /home/abdunazar/FullStack/ImtihonUchinchiOy/electroLease/app.js
Error: Cannot find module './middleware/error/error.middleware'
Require stack:
- /home/abdunazar/FullStack/ImtihonUchinchiOy/electroLease/app.js
    at Module._resolveFilename (node:internal/modules/cjs/loader:1225:15)
    at Module._load (node:internal/modules/cjs/loader:1051:27)
    at Module.require (node:internal/modules/cjs/loader:1311:19)
    at require (node:internal/modules/helpers:179:18)
    at Object.<anonymous> (/home/abdunazar/FullStack/ImtihonUchinchiOy/electroLease/app.js:7:22)
    at Module._compile (node:internal/modules/cjs/loader:1469:14)
    at Module._extensions..js (node:internal/modules/cjs/loader:1548:10)
    at Module.load (node:internal/modules/cjs/loader:1288:32)
    at Module._load (node:internal/modules/cjs/loader:1104:12)
    at Function.executeUserEntryPoint [as runMain] (node:internal/modules/run_main:173:12)
2025-04-10 11:55:32 [ElectroLease] ERROR: uncaughtException: Cannot find module './middleware/error/error.middleware'
Require stack:
- /home/abdunazar/FullStack/ImtihonUchinchiOy/electroLease/app.js
Error: Cannot find module './middleware/error/error.middleware'
Require stack:
- /home/abdunazar/FullStack/ImtihonUchinchiOy/electroLease/app.js
    at Module._resolveFilename (node:internal/modules/cjs/loader:1225:15)
    at Module._load (node:internal/modules/cjs/loader:1051:27)
    at Module.require (node:internal/modules/cjs/loader:1311:19)
    at require (node:internal/modules/helpers:179:18)
    at Object.<anonymous> (/home/abdunazar/FullStack/ImtihonUchinchiOy/electroLease/app.js:7:22)
    at Module._compile (node:internal/modules/cjs/loader:1469:14)
    at Module._extensions..js (node:internal/modules/cjs/loader:1548:10)
    at Module.load (node:internal/modules/cjs/loader:1288:32)
    at Module._load (node:internal/modules/cjs/loader:1104:12)
    at Function.executeUserEntryPoint [as runMain] (node:internal/modules/run_main:173:12)
2025-04-10 11:56:07 [ElectroLease] ERROR: uncaughtException: Cannot find module './middleware/error/error.middleware'
Require stack:
- /home/abdunazar/FullStack/ImtihonUchinchiOy/electroLease/app.js
Error: Cannot find module './middleware/error/error.middleware'
Require stack:
- /home/abdunazar/FullStack/ImtihonUchinchiOy/electroLease/app.js
    at Module._resolveFilename (node:internal/modules/cjs/loader:1225:15)
    at Module._load (node:internal/modules/cjs/loader:1051:27)
    at Module.require (node:internal/modules/cjs/loader:1311:19)
    at require (node:internal/modules/helpers:179:18)
    at Object.<anonymous> (/home/abdunazar/FullStack/ImtihonUchinchiOy/electroLease/app.js:7:22)
    at Module._compile (node:internal/modules/cjs/loader:1469:14)
    at Module._extensions..js (node:internal/modules/cjs/loader:1548:10)
    at Module.load (node:internal/modules/cjs/loader:1288:32)
    at Module._load (node:internal/modules/cjs/loader:1104:12)
    at Function.executeUserEntryPoint [as runMain] (node:internal/modules/run_main:173:12)
2025-04-10 11:56:09 [ElectroLease] ERROR: uncaughtException: Cannot find module './middleware/error/error.middleware'
Require stack:
- /home/abdunazar/FullStack/ImtihonUchinchiOy/electroLease/app.js
Error: Cannot find module './middleware/error/error.middleware'
Require stack:
- /home/abdunazar/FullStack/ImtihonUchinchiOy/electroLease/app.js
    at Module._resolveFilename (node:internal/modules/cjs/loader:1225:15)
    at Module._load (node:internal/modules/cjs/loader:1051:27)
    at Module.require (node:internal/modules/cjs/loader:1311:19)
    at require (node:internal/modules/helpers:179:18)
    at Object.<anonymous> (/home/abdunazar/FullStack/ImtihonUchinchiOy/electroLease/app.js:7:22)
    at Module._compile (node:internal/modules/cjs/loader:1469:14)
    at Module._extensions..js (node:internal/modules/cjs/loader:1548:10)
    at Module.load (node:internal/modules/cjs/loader:1288:32)
    at Module._load (node:internal/modules/cjs/loader:1104:12)
    at Function.executeUserEntryPoint [as runMain] (node:internal/modules/run_main:173:12)
2025-04-10 11:56:11 [ElectroLease] ERROR: uncaughtException: Cannot find module './middleware/error/error.middleware'
Require stack:
- /home/abdunazar/FullStack/ImtihonUchinchiOy/electroLease/app.js
Error: Cannot find module './middleware/error/error.middleware'
Require stack:
- /home/abdunazar/FullStack/ImtihonUchinchiOy/electroLease/app.js
    at Module._resolveFilename (node:internal/modules/cjs/loader:1225:15)
    at Module._load (node:internal/modules/cjs/loader:1051:27)
    at Module.require (node:internal/modules/cjs/loader:1311:19)
    at require (node:internal/modules/helpers:179:18)
    at Object.<anonymous> (/home/abdunazar/FullStack/ImtihonUchinchiOy/electroLease/app.js:7:22)
    at Module._compile (node:internal/modules/cjs/loader:1469:14)
    at Module._extensions..js (node:internal/modules/cjs/loader:1548:10)
    at Module.load (node:internal/modules/cjs/loader:1288:32)
    at Module._load (node:internal/modules/cjs/loader:1104:12)
    at Function.executeUserEntryPoint [as runMain] (node:internal/modules/run_main:173:12)
2025-04-10 11:56:12 [ElectroLease] ERROR: uncaughtException: Cannot find module './middleware/error/error.middleware'
Require stack:
- /home/abdunazar/FullStack/ImtihonUchinchiOy/electroLease/app.js
Error: Cannot find module './middleware/error/error.middleware'
Require stack:
- /home/abdunazar/FullStack/ImtihonUchinchiOy/electroLease/app.js
    at Module._resolveFilename (node:internal/modules/cjs/loader:1225:15)
    at Module._load (node:internal/modules/cjs/loader:1051:27)
    at Module.require (node:internal/modules/cjs/loader:1311:19)
    at require (node:internal/modules/helpers:179:18)
    at Object.<anonymous> (/home/abdunazar/FullStack/ImtihonUchinchiOy/electroLease/app.js:7:22)
    at Module._compile (node:internal/modules/cjs/loader:1469:14)
    at Module._extensions..js (node:internal/modules/cjs/loader:1548:10)
    at Module.load (node:internal/modules/cjs/loader:1288:32)
    at Module._load (node:internal/modules/cjs/loader:1104:12)
    at Function.executeUserEntryPoint [as runMain] (node:internal/modules/run_main:173:12)
2025-04-10 11:57:01 [ElectroLease] ERROR: uncaughtException: app.use() requires a middleware function
TypeError: app.use() requires a middleware function
    at Function.use (/home/abdunazar/FullStack/ImtihonUchinchiOy/electroLease/node_modules/express/lib/application.js:217:11)
    at Object.<anonymous> (/home/abdunazar/FullStack/ImtihonUchinchiOy/electroLease/app.js:13:5)
    at Module._compile (node:internal/modules/cjs/loader:1469:14)
    at Module._extensions..js (node:internal/modules/cjs/loader:1548:10)
    at Module.load (node:internal/modules/cjs/loader:1288:32)
    at Module._load (node:internal/modules/cjs/loader:1104:12)
    at Function.executeUserEntryPoint [as runMain] (node:internal/modules/run_main:173:12)
    at node:internal/main/run_main_module:28:49
2025-04-10 11:57:03 [ElectroLease] ERROR: uncaughtException: app.use() requires a middleware function
TypeError: app.use() requires a middleware function
    at Function.use (/home/abdunazar/FullStack/ImtihonUchinchiOy/electroLease/node_modules/express/lib/application.js:217:11)
    at Object.<anonymous> (/home/abdunazar/FullStack/ImtihonUchinchiOy/electroLease/app.js:13:5)
    at Module._compile (node:internal/modules/cjs/loader:1469:14)
    at Module._extensions..js (node:internal/modules/cjs/loader:1548:10)
    at Module.load (node:internal/modules/cjs/loader:1288:32)
    at Module._load (node:internal/modules/cjs/loader:1104:12)
    at Function.executeUserEntryPoint [as runMain] (node:internal/modules/run_main:173:12)
    at node:internal/main/run_main_module:28:49
