2025-04-10 13:31:03 [ElectroLease] ERROR: unhandledRejection: Cannot read properties of undefined (reading 'status')
TypeError: Cannot read properties of undefined (reading 'status')
    at errorHandler (/home/abdunazar/FullStack/ImtihonUchinchiOy/electroLease/helpers/error_handler.js:6:7)
    at module.exports (/home/abdunazar/FullStack/ImtihonUchinchiOy/electroLease/middleware/guards/auth.Admin.guard.js:24:5)
    at process.processTicksAndRejections (node:internal/process/task_queues:95:5)
2025-04-10 13:34:40 [ElectroLease] ERROR: unhandledRejection: Cannot read properties of undefined (reading 'status')
TypeError: Cannot read properties of undefined (reading 'status')
    at errorHandler (/home/abdunazar/FullStack/ImtihonUchinchiOy/electroLease/helpers/error_handler.js:6:7)
    at module.exports (/home/abdunazar/FullStack/ImtihonUchinchiOy/electroLease/middleware/guards/auth.Admin.guard.js:24:5)
    at process.processTicksAndRejections (node:internal/process/task_queues:95:5)
2025-04-10 13:35:51 [ElectroLease] ERROR: unhandledRejection: Cannot read properties of undefined (reading 'status')
TypeError: Cannot read properties of undefined (reading 'status')
    at errorHandler (/home/abdunazar/FullStack/ImtihonUchinchiOy/electroLease/helpers/error_handler.js:6:7)
    at module.exports (/home/abdunazar/FullStack/ImtihonUchinchiOy/electroLease/middleware/guards/auth.Admin.guard.js:25:5)
    at process.processTicksAndRejections (node:internal/process/task_queues:95:5)
2025-04-10 13:36:10 [ElectroLease] ERROR: unhandledRejection: Cannot read properties of undefined (reading 'status')
TypeError: Cannot read properties of undefined (reading 'status')
    at errorHandler (/home/abdunazar/FullStack/ImtihonUchinchiOy/electroLease/helpers/error_handler.js:6:7)
    at module.exports (/home/abdunazar/FullStack/ImtihonUchinchiOy/electroLease/middleware/guards/auth.Admin.guard.js:25:5)
    at process.processTicksAndRejections (node:internal/process/task_queues:95:5)
2025-04-10 13:38:06 [ElectroLease] ERROR: unhandledRejection: Cannot read properties of undefined (reading 'status')
TypeError: Cannot read properties of undefined (reading 'status')
    at errorHandler (/home/abdunazar/FullStack/ImtihonUchinchiOy/electroLease/helpers/error_handler.js:6:7)
    at module.exports (/home/abdunazar/FullStack/ImtihonUchinchiOy/electroLease/middleware/guards/auth.Admin.guard.js:25:5)
    at process.processTicksAndRejections (node:internal/process/task_queues:95:5)
2025-04-10 14:07:22 [ElectroLease] ERROR: unhandledRejection: Cannot read properties of undefined (reading 'status')
TypeError: Cannot read properties of undefined (reading 'status')
    at errorHandler (/home/abdunazar/FullStack/ImtihonUchinchiOy/electroLease/helpers/error_handler.js:6:7)
    at module.exports (/home/abdunazar/FullStack/ImtihonUchinchiOy/electroLease/middleware/guards/auth.Admin.guard.js:25:5)
    at process.processTicksAndRejections (node:internal/process/task_queues:95:5)
2025-04-10 14:21:55 [ElectroLease] ERROR: unhandledRejection: Cannot read properties of undefined (reading 'status')
TypeError: Cannot read properties of undefined (reading 'status')
    at errorHandler (/home/abdunazar/FullStack/ImtihonUchinchiOy/electroLease/helpers/error_handler.js:6:7)
    at module.exports (/home/abdunazar/FullStack/ImtihonUchinchiOy/electroLease/middleware/guards/auth.Admin.guard.js:27:5)
    at process.processTicksAndRejections (node:internal/process/task_queues:95:5)
2025-04-10 14:33:19 [ElectroLease] ERROR: unhandledRejection: Cannot read properties of undefined (reading 'status')
TypeError: Cannot read properties of undefined (reading 'status')
    at errorHandler (/home/abdunazar/FullStack/ImtihonUchinchiOy/electroLease/helpers/error_handler.js:6:7)
    at module.exports (/home/abdunazar/FullStack/ImtihonUchinchiOy/electroLease/middleware/guards/auth.Admin.guard.js:27:5)
    at process.processTicksAndRejections (node:internal/process/task_queues:95:5)
2025-04-10 14:44:05 [ElectroLease] ERROR: unhandledRejection: Cannot read properties of undefined (reading 'status')
TypeError: Cannot read properties of undefined (reading 'status')
    at errorHandler (/home/abdunazar/FullStack/ImtihonUchinchiOy/electroLease/helpers/error_handler.js:6:7)
    at module.exports (/home/abdunazar/FullStack/ImtihonUchinchiOy/electroLease/middleware/guards/auth.Admin.guard.js:31:5)
    at process.processTicksAndRejections (node:internal/process/task_queues:95:5)
2025-04-10 14:45:44 [ElectroLease] ERROR: unhandledRejection: Cannot read properties of undefined (reading 'status')
TypeError: Cannot read properties of undefined (reading 'status')
    at errorHandler (/home/abdunazar/FullStack/ImtihonUchinchiOy/electroLease/helpers/error_handler.js:6:7)
    at module.exports (/home/abdunazar/FullStack/ImtihonUchinchiOy/electroLease/middleware/guards/auth.Admin.guard.js:32:5)
    at process.processTicksAndRejections (node:internal/process/task_queues:95:5)
2025-04-10 14:48:52 [ElectroLease] ERROR: unhandledRejection: Cannot read properties of undefined (reading 'status')
TypeError: Cannot read properties of undefined (reading 'status')
    at errorHandler (/home/abdunazar/FullStack/ImtihonUchinchiOy/electroLease/helpers/error_handler.js:6:7)
    at module.exports (/home/abdunazar/FullStack/ImtihonUchinchiOy/electroLease/middleware/guards/auth.Admin.guard.js:32:5)
    at process.processTicksAndRejections (node:internal/process/task_queues:95:5)
2025-04-10 14:53:49 [ElectroLease] ERROR: unhandledRejection: Cannot read properties of undefined (reading 'status')
TypeError: Cannot read properties of undefined (reading 'status')
    at errorHandler (/home/abdunazar/FullStack/ImtihonUchinchiOy/electroLease/helpers/error_handler.js:6:7)
    at module.exports (/home/abdunazar/FullStack/ImtihonUchinchiOy/electroLease/middleware/guards/auth.Admin.guard.js:32:5)
    at process.processTicksAndRejections (node:internal/process/task_queues:95:5)
2025-04-10 14:55:39 [ElectroLease] ERROR: unhandledRejection: Cannot read properties of undefined (reading 'status')
TypeError: Cannot read properties of undefined (reading 'status')
    at errorHandler (/home/abdunazar/FullStack/ImtihonUchinchiOy/electroLease/helpers/error_handler.js:6:7)
    at module.exports (/home/abdunazar/FullStack/ImtihonUchinchiOy/electroLease/middleware/guards/auth.Admin.guard.js:32:5)
    at process.processTicksAndRejections (node:internal/process/task_queues:95:5)
2025-04-10 14:57:23 [ElectroLease] ERROR: unhandledRejection: Cannot read properties of undefined (reading 'status')
TypeError: Cannot read properties of undefined (reading 'status')
    at errorHandler (/home/abdunazar/FullStack/ImtihonUchinchiOy/electroLease/helpers/error_handler.js:5:7)
    at module.exports (/home/abdunazar/FullStack/ImtihonUchinchiOy/electroLease/middleware/guards/auth.Admin.guard.js:32:5)
    at process.processTicksAndRejections (node:internal/process/task_queues:95:5)
2025-04-10 15:00:20 [ElectroLease] ERROR: unhandledRejection: Cannot read properties of undefined (reading 'status')
TypeError: Cannot read properties of undefined (reading 'status')
    at errorHandler (/home/abdunazar/FullStack/ImtihonUchinchiOy/electroLease/helpers/error_handler.js:8:7)
    at module.exports (/home/abdunazar/FullStack/ImtihonUchinchiOy/electroLease/middleware/guards/auth.Admin.guard.js:32:5)
    at process.processTicksAndRejections (node:internal/process/task_queues:95:5)
